Using pre-set license
Built from '2020.3/staging' branch; Version is '2020.3.9f1 (108be757e447) revision 1084391'; Using compiler version '192528614'; Build Type 'Release'
OS: 'Windows 10 Pro; OS build 19042.985; Version 2009; 64bit' Language: 'en' Physical Memory: 8145 MB
BatchMode: 1, IsHumanControllingUs: 0, StartBugReporterOnCrash: 0, Is64bit: 1, IsPro: 0

 COMMAND LINE ARGUMENTS:
C:\Program Files\Unity\Hub\Editor\2020.3.9f1\Editor\Unity.exe
-adb2
-batchMode
-noUpm
-name
AssetImportWorker0
-projectPath
D:/Code/Create-With-Code-Unity/Creator Kit Puzzle
-logFile
Logs/AssetImportWorker0.log
-srvPort
50766
Successfully changed project path to: D:/Code/Create-With-Code-Unity/Creator Kit Puzzle
D:/Code/Create-With-Code-Unity/Creator Kit Puzzle
Using Asset Import Pipeline V2.
Refreshing native plugins compatible for Editor in 59.34 ms, found 0 plugins.
Preloading 0 native plugins for Editor in 0.00 ms.
Initialize engine version: 2020.3.9f1 (108be757e447)
[Subsystems] Discovering subsystems at path C:/Program Files/Unity/Hub/Editor/2020.3.9f1/Editor/Data/Resources/UnitySubsystems
[Subsystems] Discovering subsystems at path D:/Code/Create-With-Code-Unity/Creator Kit Puzzle/Assets
GfxDevice: creating device client; threaded=0
Direct3D:
    Version:  Direct3D 11.0 [level 11.0]
    Renderer: NVIDIA GeForce GTX 650 (ID=0xfc6)
    Vendor:   
    VRAM:     984 MB
    Driver:   27.21.14.6647
Initialize mono
Mono path[0] = 'C:/Program Files/Unity/Hub/Editor/2020.3.9f1/Editor/Data/Managed'
Mono path[1] = 'C:/Program Files/Unity/Hub/Editor/2020.3.9f1/Editor/Data/MonoBleedingEdge/lib/mono/unityjit'
Mono config path = 'C:/Program Files/Unity/Hub/Editor/2020.3.9f1/Editor/Data/MonoBleedingEdge/etc'
Using monoOptions --debugger-agent=transport=dt_socket,embedding=1,server=y,suspend=n,address=127.0.0.1:56768
Begin MonoManager ReloadAssembly
Registering precompiled unity dll's ...
Register platform support module: C:/Program Files/Unity/Hub/Editor/2020.3.9f1/Editor/Data/PlaybackEngines/WindowsStandaloneSupport/UnityEditor.WindowsStandalone.Extensions.dll
Registered in 0.003693 seconds.
Native extension for WindowsStandalone target not found
Refreshing native plugins compatible for Editor in 53.97 ms, found 0 plugins.
Preloading 0 native plugins for Editor in 0.00 ms.
Mono: successfully reloaded assembly
- Completed reload, in  1.556 seconds
Platform modules already initialized, skipping
Registering precompiled user dll's ...
Registered in 0.002104 seconds.
Begin MonoManager ReloadAssembly
Native extension for WindowsStandalone target not found
Refreshing native plugins compatible for Editor in 0.57 ms, found 0 plugins.
Preloading 0 native plugins for Editor in 0.00 ms.
Mono: successfully reloaded assembly
- Completed reload, in  1.206 seconds
Platform modules already initialized, skipping
========================================================================
Worker process is ready to serve import requests
Launched and connected shader compiler UnityShaderCompiler.exe after 0.06 seconds
Refreshing native plugins compatible for Editor in 0.54 ms, found 0 plugins.
Preloading 0 native plugins for Editor in 0.00 ms.
Unloading 1719 Unused Serialized files (Serialized files now loaded: 0)
System memory in use before: 82.3 MB.
System memory in use after: 82.4 MB.

Unloading 34 unused Assets to reduce memory usage. Loaded Objects now: 2155.
Total: 2.721800 ms (FindLiveObjects: 0.214700 ms CreateObjectMapping: 0.096800 ms MarkObjects: 2.314500 ms  DeleteObjects: 0.093500 ms)

========================================================================
Received Import Request.
  path: Assets/Creator Kit - Puzzle/Audio/BGM/BGM_Marble.ogg
  artifactKey: Guid(86085674b7716a34f9c83001b0a18848) Importer(815301076,1909f56bfc062723c751e8b465ee728b)
Start importing Assets/Creator Kit - Puzzle/Audio/BGM/BGM_Marble.ogg using Guid(86085674b7716a34f9c83001b0a18848) Importer(815301076,1909f56bfc062723c751e8b465ee728b)  -> (artifact id: '0596066bf674f5a219b3c6e5a8d86565') in 0.317134 seconds
  Import took 0.322466 seconds .

========================================================================
Received Import Request.
  Time since last request: 0.000254 seconds.
  path: Assets/Creator Kit - Puzzle/Audio/BGM/BGM_Menu.ogg
  artifactKey: Guid(87a3fd3c2664e74488cf691394e302c4) Importer(815301076,1909f56bfc062723c751e8b465ee728b)
Start importing Assets/Creator Kit - Puzzle/Audio/BGM/BGM_Menu.ogg using Guid(87a3fd3c2664e74488cf691394e302c4) Importer(815301076,1909f56bfc062723c751e8b465ee728b)  -> (artifact id: '88dd2ea005e243cb521865c8f3a9ed29') in 0.015521 seconds
  Import took 0.019733 seconds .

========================================================================
Received Import Request.
  Time since last request: 0.000228 seconds.
  path: Assets/Creator Kit - Puzzle/Audio/BGM/BGM_Finish.ogg
  artifactKey: Guid(39dc4b46e9ad5ec4aaade9891ef89518) Importer(815301076,1909f56bfc062723c751e8b465ee728b)
Start importing Assets/Creator Kit - Puzzle/Audio/BGM/BGM_Finish.ogg using Guid(39dc4b46e9ad5ec4aaade9891ef89518) Importer(815301076,1909f56bfc062723c751e8b465ee728b)  -> (artifact id: '1e94f217a01197080bba8a1e8e264c58') in 0.018505 seconds
  Import took 0.023039 seconds .

========================================================================
Received Prepare
Refreshing native plugins compatible for Editor in 5.50 ms, found 0 plugins.
Preloading 0 native plugins for Editor in 0.00 ms.
Unloading 22 Unused Serialized files (Serialized files now loaded: 0)
System memory in use before: 48.6 MB.
System memory in use after: 48.7 MB.

Unloading 22 unused Assets to reduce memory usage. Loaded Objects now: 2164.
Total: 3.019500 ms (FindLiveObjects: 0.192800 ms CreateObjectMapping: 0.095000 ms MarkObjects: 2.707000 ms  DeleteObjects: 0.023600 ms)

========================================================================
Received Prepare
Registering precompiled user dll's ...
Registered in 0.001981 seconds.
Begin MonoManager ReloadAssembly
Native extension for WindowsStandalone target not found
Refreshing native plugins compatible for Editor in 0.71 ms, found 0 plugins.
Preloading 0 native plugins for Editor in 0.00 ms.
Mono: successfully reloaded assembly
- Completed reload, in  1.249 seconds
Platform modules already initialized, skipping
Refreshing native plugins compatible for Editor in 0.57 ms, found 0 plugins.
Preloading 0 native plugins for Editor in 0.00 ms.
Unloading 1673 Unused Serialized files (Serialized files now loaded: 0)
System memory in use before: 81.4 MB.
System memory in use after: 81.5 MB.

Unloading 25 unused Assets to reduce memory usage. Loaded Objects now: 2167.
Total: 1.896800 ms (FindLiveObjects: 0.172600 ms CreateObjectMapping: 0.067500 ms MarkObjects: 1.636500 ms  DeleteObjects: 0.018900 ms)

========================================================================
Received Import Request.
  Time since last request: 292.169040 seconds.
  path: Assets/Creator Kit - Puzzle/Scenes/UserCreated/newMenu.unity
  artifactKey: Guid(e13e2dbf5afa00145ab842e8cef4c7fd) Importer(815301076,1909f56bfc062723c751e8b465ee728b)
Start importing Assets/Creator Kit - Puzzle/Scenes/UserCreated/newMenu.unity using Guid(e13e2dbf5afa00145ab842e8cef4c7fd) Importer(815301076,1909f56bfc062723c751e8b465ee728b)  -> (artifact id: '77a49549a125cda559bba5ff4ec88eec') in 0.058914 seconds
  Import took 0.063904 seconds .

========================================================================
Received Import Request.
  Time since last request: 8.533500 seconds.
  path: Assets/Creator Kit - Puzzle/Scenes/UserCreated
  artifactKey: Guid(098a7c4cb687f6e45a51bd9ebb3ab0d8) Importer(815301076,1909f56bfc062723c751e8b465ee728b)
Start importing Assets/Creator Kit - Puzzle/Scenes/UserCreated using Guid(098a7c4cb687f6e45a51bd9ebb3ab0d8) Importer(815301076,1909f56bfc062723c751e8b465ee728b)  -> (artifact id: '93b5fd9e8e8612f8d95a961af57aa632') in 0.008254 seconds
  Import took 0.012817 seconds .

========================================================================
Received Import Request.
  Time since last request: 470.574055 seconds.
  path: Assets/Creator Kit - Puzzle/Scenes/ExampleScenes/Level01
  artifactKey: Guid(572ecf75f1f438747af56ae41b0475ff) Importer(815301076,1909f56bfc062723c751e8b465ee728b)
Start importing Assets/Creator Kit - Puzzle/Scenes/ExampleScenes/Level01 using Guid(572ecf75f1f438747af56ae41b0475ff) Importer(815301076,1909f56bfc062723c751e8b465ee728b)  -> (artifact id: '112f6c054076c2c9ec27d2ca4ea01fc7') in 0.011958 seconds
  Import took 0.016164 seconds .

========================================================================
Received Import Request.
  Time since last request: 0.037956 seconds.
  path: Assets/Creator Kit - Puzzle/Scenes/ExampleScenes/Level01/LightingData.asset
  artifactKey: Guid(48868c857ed16644d980bdb1c79ab869) Importer(815301076,1909f56bfc062723c751e8b465ee728b)
Start importing Assets/Creator Kit - Puzzle/Scenes/ExampleScenes/Level01/LightingData.asset using Guid(48868c857ed16644d980bdb1c79ab869) Importer(815301076,1909f56bfc062723c751e8b465ee728b)  -> (artifact id: 'ea6003ad69ed2cbbc93a8467c1946113') in 0.019126 seconds
  Import took 0.023026 seconds .

========================================================================
Received Import Request.
  Time since last request: 0.000267 seconds.
  path: Assets/Creator Kit - Puzzle/Scenes/ExampleScenes/Level01/ReflectionProbe-0.exr
  artifactKey: Guid(a386fd4c608d1694295e19e35ef74177) Importer(815301076,1909f56bfc062723c751e8b465ee728b)
Start importing Assets/Creator Kit - Puzzle/Scenes/ExampleScenes/Level01/ReflectionProbe-0.exr using Guid(a386fd4c608d1694295e19e35ef74177) Importer(815301076,1909f56bfc062723c751e8b465ee728b)  -> (artifact id: '1853a35fbb5cf9f07a883e18bd6af264') in 0.097489 seconds
  Import took 0.101570 seconds .

========================================================================
Received Import Request.
  Time since last request: 0.000251 seconds.
  path: Assets/Creator Kit - Puzzle/Scenes/ExampleScenes/Level01/ReflectionProbe-1.exr
  artifactKey: Guid(bca3852ed941aac45a78d701f8b98148) Importer(815301076,1909f56bfc062723c751e8b465ee728b)
Start importing Assets/Creator Kit - Puzzle/Scenes/ExampleScenes/Level01/ReflectionProbe-1.exr using Guid(bca3852ed941aac45a78d701f8b98148) Importer(815301076,1909f56bfc062723c751e8b465ee728b)  -> (artifact id: '9113e8c488220474c07bdf9defd83675') in 0.030741 seconds
  Import took 0.034301 seconds .

========================================================================
Received Import Request.
  Time since last request: 0.000224 seconds.
  path: Assets/Creator Kit - Puzzle/Scenes/ExampleScenes/Level01/ReflectionProbe-2.exr
  artifactKey: Guid(a7b49a396b9ebb44b849b4549459b6a7) Importer(815301076,1909f56bfc062723c751e8b465ee728b)
Start importing Assets/Creator Kit - Puzzle/Scenes/ExampleScenes/Level01/ReflectionProbe-2.exr using Guid(a7b49a396b9ebb44b849b4549459b6a7) Importer(815301076,1909f56bfc062723c751e8b465ee728b)  -> (artifact id: '3497d4b6c18683daa917849b0d7c6879') in 0.032134 seconds
  Import took 0.036114 seconds .

========================================================================
Received Import Request.
  Time since last request: 9.454437 seconds.
  path: Assets/Creator Kit - Puzzle/Scenes/ExampleScenes/ExampleMenu
  artifactKey: Guid(e4e68e29308da9d4d8d1b05b8efb70b2) Importer(815301076,1909f56bfc062723c751e8b465ee728b)
Start importing Assets/Creator Kit - Puzzle/Scenes/ExampleScenes/ExampleMenu using Guid(e4e68e29308da9d4d8d1b05b8efb70b2) Importer(815301076,1909f56bfc062723c751e8b465ee728b)  -> (artifact id: '0d02c9b6e01ecce907678f51fa465ec5') in 0.008999 seconds
  Import took 0.014004 seconds .

========================================================================
Received Import Request.
  Time since last request: 0.048671 seconds.
  path: Assets/Creator Kit - Puzzle/Scenes/ExampleScenes/ExampleMenu/LightingData.asset
  artifactKey: Guid(1eac75795533dc7499c0f6eeec032175) Importer(815301076,1909f56bfc062723c751e8b465ee728b)
Start importing Assets/Creator Kit - Puzzle/Scenes/ExampleScenes/ExampleMenu/LightingData.asset using Guid(1eac75795533dc7499c0f6eeec032175) Importer(815301076,1909f56bfc062723c751e8b465ee728b)  -> (artifact id: '6115f8a9bdb987a3a5851b70fee5bb3d') in 0.003056 seconds
  Import took 0.007774 seconds .

========================================================================
Received Import Request.
  Time since last request: 0.000253 seconds.
  path: Assets/Creator Kit - Puzzle/Scenes/ExampleScenes/ExampleMenu/ReflectionProbe-0.exr
  artifactKey: Guid(b8191ebe08fb4e34998dede1cf90c8c2) Importer(815301076,1909f56bfc062723c751e8b465ee728b)
Start importing Assets/Creator Kit - Puzzle/Scenes/ExampleScenes/ExampleMenu/ReflectionProbe-0.exr using Guid(b8191ebe08fb4e34998dede1cf90c8c2) Importer(815301076,1909f56bfc062723c751e8b465ee728b)  -> (artifact id: 'ff81fc850ef1f58b613c83fa6b4de50d') in 0.020771 seconds
  Import took 0.024563 seconds .

========================================================================
Received Import Request.
  Time since last request: 6.130138 seconds.
  path: Assets/Creator Kit - Puzzle/Scenes/UserCreated/newLevel.unity
  artifactKey: Guid(9f7d40167653f184b8b7276d444cb884) Importer(815301076,1909f56bfc062723c751e8b465ee728b)
Start importing Assets/Creator Kit - Puzzle/Scenes/UserCreated/newLevel.unity using Guid(9f7d40167653f184b8b7276d444cb884) Importer(815301076,1909f56bfc062723c751e8b465ee728b)  -> (artifact id: 'ab90c7686fc3ea22aa2e27f8c0c5f065') in 0.009253 seconds
  Import took 0.013310 seconds .

========================================================================
Received Import Request.
  Time since last request: 1.638443 seconds.
  path: Assets/Creator Kit - Puzzle/Scenes/UserCreated/newLevelSettings.lighting
  artifactKey: Guid(37ff4be0ff4e2eb4dae09ab9fc425aa0) Importer(815301076,1909f56bfc062723c751e8b465ee728b)
Start importing Assets/Creator Kit - Puzzle/Scenes/UserCreated/newLevelSettings.lighting using Guid(37ff4be0ff4e2eb4dae09ab9fc425aa0) Importer(815301076,1909f56bfc062723c751e8b465ee728b)  -> (artifact id: 'acfcc4a9c1725ef39a3075aec1f20d2c') in 0.014701 seconds
  Import took 0.019102 seconds .

========================================================================
Received Import Request.
  Time since last request: 61.643592 seconds.
  path: Assets/Creator Kit - Puzzle/SceneReferences/UserCreated/newSceneReference.asset
  artifactKey: Guid(d5d24e29570a7854a8a157cb0f2f3404) Importer(815301076,1909f56bfc062723c751e8b465ee728b)
Start importing Assets/Creator Kit - Puzzle/SceneReferences/UserCreated/newSceneReference.asset using Guid(d5d24e29570a7854a8a157cb0f2f3404) Importer(815301076,1909f56bfc062723c751e8b465ee728b)  -> (artifact id: 'd6f93230cbd99fc62c6e5a38aedacf96') in 0.017988 seconds
  Import took 0.024724 seconds .

========================================================================
Received Import Request.
  Time since last request: 6.962268 seconds.
  path: Assets/Creator Kit - Puzzle/SceneReferences
  artifactKey: Guid(d4cd419ae54d9084e930c103a12fc3bc) Importer(815301076,1909f56bfc062723c751e8b465ee728b)
Start importing Assets/Creator Kit - Puzzle/SceneReferences using Guid(d4cd419ae54d9084e930c103a12fc3bc) Importer(815301076,1909f56bfc062723c751e8b465ee728b)  -> (artifact id: 'a218af58f17865686219d71428329f90') in 0.009406 seconds
  Import took 0.013073 seconds .

========================================================================
Received Import Request.
  Time since last request: 1.544572 seconds.
  path: Assets/Creator Kit - Puzzle/SceneReferences/UserCreated
  artifactKey: Guid(3c1c74080deffc44688db26501292cf0) Importer(815301076,1909f56bfc062723c751e8b465ee728b)
Start importing Assets/Creator Kit - Puzzle/SceneReferences/UserCreated using Guid(3c1c74080deffc44688db26501292cf0) Importer(815301076,1909f56bfc062723c751e8b465ee728b)  -> (artifact id: 'e55140e20d367c1ba1373b1928a4bd5b') in 0.003332 seconds
  Import took 0.007431 seconds .

========================================================================
Received Import Request.
  Time since last request: 132.066139 seconds.
  path: Assets/Creator Kit - Puzzle/Scenes/UserCreated/newMenu.unity
  artifactKey: Guid(e13e2dbf5afa00145ab842e8cef4c7fd) Importer(815301076,1909f56bfc062723c751e8b465ee728b)
Start importing Assets/Creator Kit - Puzzle/Scenes/UserCreated/newMenu.unity using Guid(e13e2dbf5afa00145ab842e8cef4c7fd) Importer(815301076,1909f56bfc062723c751e8b465ee728b)  -> (artifact id: 'c188aa82ef87946abd565778c577a15a') in 0.007465 seconds
  Import took 0.056823 seconds .

========================================================================
Received Import Request.
  Time since last request: 0.032389 seconds.
  path: Assets/Creator Kit - Puzzle/Scenes/UserCreated/newMenu.unity
  artifactKey: Guid(e13e2dbf5afa00145ab842e8cef4c7fd) Importer(815301076,1909f56bfc062723c751e8b465ee728b)
Start importing Assets/Creator Kit - Puzzle/Scenes/UserCreated/newMenu.unity using Guid(e13e2dbf5afa00145ab842e8cef4c7fd) Importer(815301076,1909f56bfc062723c751e8b465ee728b)  -> (artifact id: 'c188aa82ef87946abd565778c577a15a') in 0.003131 seconds
  Import took 0.061016 seconds .

========================================================================
Received Import Request.
  Time since last request: 4.575350 seconds.
  path: Assets/Creator Kit - Puzzle/Scenes/UserCreated/newMenuSettings.lighting
  artifactKey: Guid(de7b2472e524e914e99ce36bae431621) Importer(815301076,1909f56bfc062723c751e8b465ee728b)
Start importing Assets/Creator Kit - Puzzle/Scenes/UserCreated/newMenuSettings.lighting using Guid(de7b2472e524e914e99ce36bae431621) Importer(815301076,1909f56bfc062723c751e8b465ee728b)  -> (artifact id: 'e296a83dba88e5ce596ff0a9996f612d') in 0.010049 seconds
  Import took 0.014226 seconds .

========================================================================
Received Import Request.
  Time since last request: 0.000853 seconds.
  path: Assets/Creator Kit - Puzzle/Scenes/UserCreated/newMenuSettings.lighting
  artifactKey: Guid(de7b2472e524e914e99ce36bae431621) Importer(815301076,1909f56bfc062723c751e8b465ee728b)
Start importing Assets/Creator Kit - Puzzle/Scenes/UserCreated/newMenuSettings.lighting using Guid(de7b2472e524e914e99ce36bae431621) Importer(815301076,1909f56bfc062723c751e8b465ee728b)  -> (artifact id: 'e296a83dba88e5ce596ff0a9996f612d') in 0.003932 seconds
  Import took 0.008502 seconds .

========================================================================
Received Import Request.
  Time since last request: 152.755639 seconds.
  path: Assets/Creator Kit - Puzzle/Prefabs/PuzzlePieces/RampPuzzlePieces/Ramp_Straight.prefab
  artifactKey: Guid(5854574f4744b18458401abbf75c82fb) Importer(815301076,1909f56bfc062723c751e8b465ee728b)
Start importing Assets/Creator Kit - Puzzle/Prefabs/PuzzlePieces/RampPuzzlePieces/Ramp_Straight.prefab using Guid(5854574f4744b18458401abbf75c82fb) Importer(815301076,1909f56bfc062723c751e8b465ee728b)  -> (artifact id: '17a617b047199950ad89c6c918c70d6e') in 0.290070 seconds
  Import took 0.293652 seconds .

========================================================================
Received Import Request.
  Time since last request: 0.000256 seconds.
  path: Assets/Creator Kit - Puzzle/Prefabs/PuzzlePieces/RampPuzzlePieces/Ramp_WideToSmallDown.prefab
  artifactKey: Guid(33562113113d1aa448501adff3c5574e) Importer(815301076,1909f56bfc062723c751e8b465ee728b)
Start importing Assets/Creator Kit - Puzzle/Prefabs/PuzzlePieces/RampPuzzlePieces/Ramp_WideToSmallDown.prefab using Guid(33562113113d1aa448501adff3c5574e) Importer(815301076,1909f56bfc062723c751e8b465ee728b)  -> (artifact id: '278f13fe3b2760f61dbe87ff837c649f') in 0.025205 seconds
  Import took 0.031577 seconds .

========================================================================
Received Import Request.
  Time since last request: 0.000729 seconds.
  path: Assets/Creator Kit - Puzzle/Prefabs/PuzzlePieces/RampPuzzlePieces/Ramp_StraightDown.prefab
  artifactKey: Guid(fb48213b52699c54aa17581bde073f80) Importer(815301076,1909f56bfc062723c751e8b465ee728b)
Start importing Assets/Creator Kit - Puzzle/Prefabs/PuzzlePieces/RampPuzzlePieces/Ramp_StraightDown.prefab using Guid(fb48213b52699c54aa17581bde073f80) Importer(815301076,1909f56bfc062723c751e8b465ee728b)  -> (artifact id: '53f1cd94bfeeb20b00aef88c4bd5c671') in 0.026393 seconds
  Import took 0.033597 seconds .

========================================================================
Received Import Request.
  Time since last request: 0.000267 seconds.
  path: Assets/Creator Kit - Puzzle/Prefabs/PuzzlePieces/RampPuzzlePieces/Ramp_WideToSmall.prefab
  artifactKey: Guid(719d7ec556cb80545943f3f8c8183676) Importer(815301076,1909f56bfc062723c751e8b465ee728b)
Start importing Assets/Creator Kit - Puzzle/Prefabs/PuzzlePieces/RampPuzzlePieces/Ramp_WideToSmall.prefab using Guid(719d7ec556cb80545943f3f8c8183676) Importer(815301076,1909f56bfc062723c751e8b465ee728b)  -> (artifact id: 'd1cf65d73e74755cd0c4af1fe8fac282') in 0.024779 seconds
  Import took 0.029033 seconds .

========================================================================
Received Import Request.
  Time since last request: 408.537663 seconds.
  path: Assets/Creator Kit - Puzzle/Prefabs/PuzzlePieces/RampPuzzlePieces/Ramp_Curve.prefab
  artifactKey: Guid(565f98d3eb360c44f8b961bd0b0ac115) Importer(815301076,1909f56bfc062723c751e8b465ee728b)
Start importing Assets/Creator Kit - Puzzle/Prefabs/PuzzlePieces/RampPuzzlePieces/Ramp_Curve.prefab using Guid(565f98d3eb360c44f8b961bd0b0ac115) Importer(815301076,1909f56bfc062723c751e8b465ee728b)  -> (artifact id: 'c5215fc4f2e3b3b6c0be3c56d124a012') in 0.025116 seconds
  Import took 0.030081 seconds .

========================================================================
Received Import Request.
  Time since last request: 0.000280 seconds.
  path: Assets/Creator Kit - Puzzle/Prefabs/PuzzlePieces/RampPuzzlePieces/Ramp_CurveDown.prefab
  artifactKey: Guid(4648c7f7f44e1294581947bd60b7121c) Importer(815301076,1909f56bfc062723c751e8b465ee728b)
Start importing Assets/Creator Kit - Puzzle/Prefabs/PuzzlePieces/RampPuzzlePieces/Ramp_CurveDown.prefab using Guid(4648c7f7f44e1294581947bd60b7121c) Importer(815301076,1909f56bfc062723c751e8b465ee728b)  -> (artifact id: '459da300f362fb9ad70e66fa2928b9d2') in 0.028100 seconds
  Import took 0.032360 seconds .

========================================================================
Received Import Request.
  Time since last request: 0.000256 seconds.
  path: Assets/Creator Kit - Puzzle/Prefabs/PuzzlePieces/RampPuzzlePieces/Ramp_Spiral.prefab
  artifactKey: Guid(15ff5acd2fdb7254aa0c94eeec40b82a) Importer(815301076,1909f56bfc062723c751e8b465ee728b)
Start importing Assets/Creator Kit - Puzzle/Prefabs/PuzzlePieces/RampPuzzlePieces/Ramp_Spiral.prefab using Guid(15ff5acd2fdb7254aa0c94eeec40b82a) Importer(815301076,1909f56bfc062723c751e8b465ee728b)  -> (artifact id: 'ec9e216c59997d85ba7f31e9b6ae3af7') in 0.026972 seconds
  Import took 0.033441 seconds .

========================================================================
Received Prepare
Registering precompiled user dll's ...
Registered in 0.001927 seconds.
Begin MonoManager ReloadAssembly
Native extension for WindowsStandalone target not found
Refreshing native plugins compatible for Editor in 0.58 ms, found 0 plugins.
Preloading 0 native plugins for Editor in 0.00 ms.
Mono: successfully reloaded assembly
- Completed reload, in  1.289 seconds
Platform modules already initialized, skipping
Refreshing native plugins compatible for Editor in 0.57 ms, found 0 plugins.
Preloading 0 native plugins for Editor in 0.00 ms.
Unloading 1673 Unused Serialized files (Serialized files now loaded: 0)
System memory in use before: 81.8 MB.
System memory in use after: 81.9 MB.

Unloading 25 unused Assets to reduce memory usage. Loaded Objects now: 2196.
Total: 2.363300 ms (FindLiveObjects: 0.230000 ms CreateObjectMapping: 0.094300 ms MarkObjects: 2.011900 ms  DeleteObjects: 0.025500 ms)

========================================================================
Received Prepare
Registering precompiled user dll's ...
Registered in 0.001950 seconds.
Begin MonoManager ReloadAssembly
Native extension for WindowsStandalone target not found
Refreshing native plugins compatible for Editor in 0.61 ms, found 0 plugins.
Preloading 0 native plugins for Editor in 0.00 ms.
Mono: successfully reloaded assembly
- Completed reload, in  1.247 seconds
Platform modules already initialized, skipping
Refreshing native plugins compatible for Editor in 0.58 ms, found 0 plugins.
Preloading 0 native plugins for Editor in 0.00 ms.
Unloading 1673 Unused Serialized files (Serialized files now loaded: 0)
System memory in use before: 81.8 MB.
System memory in use after: 81.9 MB.

Unloading 25 unused Assets to reduce memory usage. Loaded Objects now: 2199.
Total: 2.306900 ms (FindLiveObjects: 0.217700 ms CreateObjectMapping: 0.127000 ms MarkObjects: 1.922600 ms  DeleteObjects: 0.029900 ms)

========================================================================
Received Import Request.
  Time since last request: 249.896558 seconds.
  path: Assets/Creator Kit - Puzzle/Prefabs
  artifactKey: Guid(4f1f3455489e9ef4690ff234a860524f) Importer(815301076,1909f56bfc062723c751e8b465ee728b)
Start importing Assets/Creator Kit - Puzzle/Prefabs using Guid(4f1f3455489e9ef4690ff234a860524f) Importer(815301076,1909f56bfc062723c751e8b465ee728b)  -> (artifact id: 'd0086c7059f9f6c74b817c6b71b1bc84') in 0.013980 seconds
  Import took 0.019418 seconds .

========================================================================
Received Import Request.
  Time since last request: 10.888794 seconds.
  path: Assets/Creator Kit - Puzzle/Prefabs/PuzzlePieces
  artifactKey: Guid(cbcddcba2f3d35041a86c779ff904cbb) Importer(815301076,1909f56bfc062723c751e8b465ee728b)
Start importing Assets/Creator Kit - Puzzle/Prefabs/PuzzlePieces using Guid(cbcddcba2f3d35041a86c779ff904cbb) Importer(815301076,1909f56bfc062723c751e8b465ee728b)  -> (artifact id: '55ee54cdc0db9327a6a47ad0f616fe77') in 0.009161 seconds
  Import took 0.012850 seconds .

========================================================================
Received Import Request.
  Time since last request: 13.339750 seconds.
  path: Assets/Creator Kit - Puzzle/Prefabs/PuzzlePieces/RampPuzzlePieces
  artifactKey: Guid(ef6bd9e97e3389d45bfde46506f26a9d) Importer(815301076,1909f56bfc062723c751e8b465ee728b)
Start importing Assets/Creator Kit - Puzzle/Prefabs/PuzzlePieces/RampPuzzlePieces using Guid(ef6bd9e97e3389d45bfde46506f26a9d) Importer(815301076,1909f56bfc062723c751e8b465ee728b)  -> (artifact id: '9eb34cfb6058ddf4e6b841b9490a1961') in 0.009224 seconds
  Import took 0.013086 seconds .

========================================================================
Received Import Request.
  Time since last request: 0.046988 seconds.
  path: Assets/Creator Kit - Puzzle/Prefabs/PuzzlePieces/RampPuzzlePieces/Gap_Curve.prefab
  artifactKey: Guid(ccd8c969a2e704147b61ccb4b1616150) Importer(815301076,1909f56bfc062723c751e8b465ee728b)
Start importing Assets/Creator Kit - Puzzle/Prefabs/PuzzlePieces/RampPuzzlePieces/Gap_Curve.prefab using Guid(ccd8c969a2e704147b61ccb4b1616150) Importer(815301076,1909f56bfc062723c751e8b465ee728b)  -> (artifact id: 'b8ba5a6bc236e4941b98930a35fd4676') in 0.039479 seconds
  Import took 0.043826 seconds .

========================================================================
Received Import Request.
  Time since last request: 0.000234 seconds.
  path: Assets/Creator Kit - Puzzle/Prefabs/PuzzlePieces/RampPuzzlePieces/Gap_Vertical.prefab
  artifactKey: Guid(d099dcb1ad995a24ab23b63e14c1c9f0) Importer(815301076,1909f56bfc062723c751e8b465ee728b)
Start importing Assets/Creator Kit - Puzzle/Prefabs/PuzzlePieces/RampPuzzlePieces/Gap_Vertical.prefab using Guid(d099dcb1ad995a24ab23b63e14c1c9f0) Importer(815301076,1909f56bfc062723c751e8b465ee728b)  -> (artifact id: 'd19ffc8dc2bda9382c77831e68270678') in 0.009763 seconds
  Import took 0.013754 seconds .

========================================================================
Received Import Request.
  Time since last request: 0.000174 seconds.
  path: Assets/Creator Kit - Puzzle/Prefabs/PuzzlePieces/RampPuzzlePieces/Gap_Horizontal.prefab
  artifactKey: Guid(9daea8e7816b2c1489df8bc1d925770c) Importer(815301076,1909f56bfc062723c751e8b465ee728b)
Start importing Assets/Creator Kit - Puzzle/Prefabs/PuzzlePieces/RampPuzzlePieces/Gap_Horizontal.prefab using Guid(9daea8e7816b2c1489df8bc1d925770c) Importer(815301076,1909f56bfc062723c751e8b465ee728b)  -> (artifact id: 'b56327ac4df1285a9733b7c35f7b512e') in 0.012379 seconds
  Import took 0.018370 seconds .

========================================================================
Received Import Request.
  Time since last request: 3.928763 seconds.
  path: Assets/Creator Kit - Puzzle/Prefabs/PuzzlePieces/InteractivePuzzlePieces
  artifactKey: Guid(8ae7d32d0927d5143bdb9a9f998eb770) Importer(815301076,1909f56bfc062723c751e8b465ee728b)
Start importing Assets/Creator Kit - Puzzle/Prefabs/PuzzlePieces/InteractivePuzzlePieces using Guid(8ae7d32d0927d5143bdb9a9f998eb770) Importer(815301076,1909f56bfc062723c751e8b465ee728b)  -> (artifact id: '53aaba95ab1d9bde81c21c7b2c1b739f') in 0.008525 seconds
  Import took 0.012227 seconds .

========================================================================
Received Import Request.
  Time since last request: 0.036402 seconds.
  path: Assets/Creator Kit - Puzzle/Prefabs/PuzzlePieces/InteractivePuzzlePieces/Door.prefab
  artifactKey: Guid(5d0972daf59bbce47914c1ed8cd0fd18) Importer(815301076,1909f56bfc062723c751e8b465ee728b)
Start importing Assets/Creator Kit - Puzzle/Prefabs/PuzzlePieces/InteractivePuzzlePieces/Door.prefab using Guid(5d0972daf59bbce47914c1ed8cd0fd18) Importer(815301076,1909f56bfc062723c751e8b465ee728b)  -> (artifact id: 'b9ad80eec7f883405c71a3d7bcdb5a3f') in 0.287988 seconds
  Import took 0.292373 seconds .

========================================================================
Received Import Request.
  Time since last request: 0.000283 seconds.
  path: Assets/Creator Kit - Puzzle/Prefabs/PuzzlePieces/InteractivePuzzlePieces/Hammer.prefab
  artifactKey: Guid(c83a9a06304bbed4e83d11c9f171d79e) Importer(815301076,1909f56bfc062723c751e8b465ee728b)
Start importing Assets/Creator Kit - Puzzle/Prefabs/PuzzlePieces/InteractivePuzzlePieces/Hammer.prefab using Guid(c83a9a06304bbed4e83d11c9f171d79e) Importer(815301076,1909f56bfc062723c751e8b465ee728b)  -> (artifact id: '64ac6b670e3e9dbe5c5d1272b6309081') in 0.018408 seconds
  Import took 0.023627 seconds .

========================================================================
Received Import Request.
  Time since last request: 0.000267 seconds.
  path: Assets/Creator Kit - Puzzle/Prefabs/PuzzlePieces/InteractivePuzzlePieces/Spoon.prefab
  artifactKey: Guid(73dde1f2603d6a548a50ca8b98d8bcb1) Importer(815301076,1909f56bfc062723c751e8b465ee728b)
Start importing Assets/Creator Kit - Puzzle/Prefabs/PuzzlePieces/InteractivePuzzlePieces/Spoon.prefab using Guid(73dde1f2603d6a548a50ca8b98d8bcb1) Importer(815301076,1909f56bfc062723c751e8b465ee728b)  -> (artifact id: '4316e7c87de29c55f29d7c9ea563bed5') in 0.025542 seconds
  Import took 0.029992 seconds .

========================================================================
Received Import Request.
  Time since last request: 0.000284 seconds.
  path: Assets/Creator Kit - Puzzle/Prefabs/PuzzlePieces/InteractivePuzzlePieces/Flipper.prefab
  artifactKey: Guid(f5f0b36917babec49ace6e2a1d754be5) Importer(815301076,1909f56bfc062723c751e8b465ee728b)
Start importing Assets/Creator Kit - Puzzle/Prefabs/PuzzlePieces/InteractivePuzzlePieces/Flipper.prefab using Guid(f5f0b36917babec49ace6e2a1d754be5) Importer(815301076,1909f56bfc062723c751e8b465ee728b)  -> (artifact id: 'dcf6531db2c39bc77d74dfff0c42c63d') in 0.020239 seconds
  Import took 0.024194 seconds .

========================================================================
Received Import Request.
  Time since last request: 2.182281 seconds.
  path: Assets/Creator Kit - Puzzle/Prefabs/PuzzlePieces/OtherPuzzlePieces
  artifactKey: Guid(87249865936426e43accd8ea03c6fbe8) Importer(815301076,1909f56bfc062723c751e8b465ee728b)
Start importing Assets/Creator Kit - Puzzle/Prefabs/PuzzlePieces/OtherPuzzlePieces using Guid(87249865936426e43accd8ea03c6fbe8) Importer(815301076,1909f56bfc062723c751e8b465ee728b)  -> (artifact id: '6739c60b62c4ed64eb4e6847c1c26c8a') in 0.010578 seconds
  Import took 0.014533 seconds .

========================================================================
Received Import Request.
  Time since last request: 0.051169 seconds.
  path: Assets/Creator Kit - Puzzle/Prefabs/PuzzlePieces/OtherPuzzlePieces/DominoBlock.prefab
  artifactKey: Guid(67bda2e153983f7459ac1bebdf7e08e3) Importer(815301076,1909f56bfc062723c751e8b465ee728b)
Start importing Assets/Creator Kit - Puzzle/Prefabs/PuzzlePieces/OtherPuzzlePieces/DominoBlock.prefab using Guid(67bda2e153983f7459ac1bebdf7e08e3) Importer(815301076,1909f56bfc062723c751e8b465ee728b)  -> (artifact id: '9dce95de9f117cad26da4c868c202b83') in 0.229894 seconds
  Import took 0.233717 seconds .

========================================================================
Received Import Request.
  Time since last request: 0.000282 seconds.
  path: Assets/Creator Kit - Puzzle/Prefabs/PuzzlePieces/OtherPuzzlePieces/Seesaw.prefab
  artifactKey: Guid(4978b666c01f2b24e9e8fe0c7bb7c48f) Importer(815301076,1909f56bfc062723c751e8b465ee728b)
Start importing Assets/Creator Kit - Puzzle/Prefabs/PuzzlePieces/OtherPuzzlePieces/Seesaw.prefab using Guid(4978b666c01f2b24e9e8fe0c7bb7c48f) Importer(815301076,1909f56bfc062723c751e8b465ee728b)  -> (artifact id: '34def3883d128992fcd8b6981fb29587') in 0.022930 seconds
  Import took 0.026165 seconds .

========================================================================
Received Import Request.
  Time since last request: 0.000236 seconds.
  path: Assets/Creator Kit - Puzzle/Prefabs/PuzzlePieces/OtherPuzzlePieces/Funnel.prefab
  artifactKey: Guid(01bbf840a16474a438a1df34de47684d) Importer(815301076,1909f56bfc062723c751e8b465ee728b)
Start importing Assets/Creator Kit - Puzzle/Prefabs/PuzzlePieces/OtherPuzzlePieces/Funnel.prefab using Guid(01bbf840a16474a438a1df34de47684d) Importer(815301076,1909f56bfc062723c751e8b465ee728b)  -> (artifact id: '03bdd39c907f8d14445d75ada7c7cdbf') in 0.017588 seconds
  Import took 0.021189 seconds .

========================================================================
Received Import Request.
  Time since last request: 0.000236 seconds.
  path: Assets/Creator Kit - Puzzle/Prefabs/PuzzlePieces/OtherPuzzlePieces/Support.prefab
  artifactKey: Guid(ef838aad987e6224cb9674bda577603a) Importer(815301076,1909f56bfc062723c751e8b465ee728b)
Start importing Assets/Creator Kit - Puzzle/Prefabs/PuzzlePieces/OtherPuzzlePieces/Support.prefab using Guid(ef838aad987e6224cb9674bda577603a) Importer(815301076,1909f56bfc062723c751e8b465ee728b)  -> (artifact id: 'c4785537a3ac819ca12cc05e323dac14') in 0.019841 seconds
  Import took 0.023746 seconds .

========================================================================
Received Import Request.
  Time since last request: 0.000265 seconds.
  path: Assets/Creator Kit - Puzzle/Prefabs/PuzzlePieces/OtherPuzzlePieces/PaddlePiston.prefab
  artifactKey: Guid(d60f682a2e7cb054f867d3762a3882f3) Importer(815301076,1909f56bfc062723c751e8b465ee728b)
Start importing Assets/Creator Kit - Puzzle/Prefabs/PuzzlePieces/OtherPuzzlePieces/PaddlePiston.prefab using Guid(d60f682a2e7cb054f867d3762a3882f3) Importer(815301076,1909f56bfc062723c751e8b465ee728b)  -> (artifact id: '71471dd2a0e16eee8c0aaebea4004dbf') in 0.024163 seconds
  Import took 0.029486 seconds .

========================================================================
Received Prepare
Registering precompiled user dll's ...
Registered in 0.002581 seconds.
Begin MonoManager ReloadAssembly
Native extension for WindowsStandalone target not found
Refreshing native plugins compatible for Editor in 0.58 ms, found 0 plugins.
Preloading 0 native plugins for Editor in 0.00 ms.
Mono: successfully reloaded assembly
- Completed reload, in  1.265 seconds
Platform modules already initialized, skipping
Refreshing native plugins compatible for Editor in 0.96 ms, found 0 plugins.
Preloading 0 native plugins for Editor in 0.00 ms.
Unloading 1673 Unused Serialized files (Serialized files now loaded: 0)
System memory in use before: 81.9 MB.
System memory in use after: 82.0 MB.

Unloading 25 unused Assets to reduce memory usage. Loaded Objects now: 2204.
Total: 2.382800 ms (FindLiveObjects: 0.233600 ms CreateObjectMapping: 0.136900 ms MarkObjects: 1.983200 ms  DeleteObjects: 0.027600 ms)

========================================================================
Received Import Request.
  Time since last request: 201.370261 seconds.
  path: Assets/Creator Kit - Puzzle/Prefabs/OnePerLevel
  artifactKey: Guid(1dab957ea2fc66c4d988760fdc54143b) Importer(815301076,1909f56bfc062723c751e8b465ee728b)
Start importing Assets/Creator Kit - Puzzle/Prefabs/OnePerLevel using Guid(1dab957ea2fc66c4d988760fdc54143b) Importer(815301076,1909f56bfc062723c751e8b465ee728b)  -> (artifact id: '8937f2028df807b4bfda4bda2ae32c82') in 0.011358 seconds
  Import took 0.015047 seconds .

========================================================================
Received Import Request.
  Time since last request: 0.003459 seconds.
  path: Assets/Creator Kit - Puzzle/Prefabs/OnePerLevel
  artifactKey: Guid(1dab957ea2fc66c4d988760fdc54143b) Importer(815301076,1909f56bfc062723c751e8b465ee728b)
Start importing Assets/Creator Kit - Puzzle/Prefabs/OnePerLevel using Guid(1dab957ea2fc66c4d988760fdc54143b) Importer(815301076,1909f56bfc062723c751e8b465ee728b)  -> (artifact id: '8937f2028df807b4bfda4bda2ae32c82') in 0.003460 seconds
  Import took 0.006782 seconds .

========================================================================
Received Import Request.
  Time since last request: 0.015529 seconds.
  path: Assets/Creator Kit - Puzzle/Prefabs/OnePerLevel/EventSystem.prefab
  artifactKey: Guid(b2246734551515049a2f67fd58f6978c) Importer(815301076,1909f56bfc062723c751e8b465ee728b)
Start importing Assets/Creator Kit - Puzzle/Prefabs/OnePerLevel/EventSystem.prefab using Guid(b2246734551515049a2f67fd58f6978c) Importer(815301076,1909f56bfc062723c751e8b465ee728b)  -> (artifact id: 'ca2e58f27c79b82c5f1da1f0389b0533') in 0.038217 seconds
  Import took 0.042380 seconds .

========================================================================
Received Import Request.
  Time since last request: 0.000230 seconds.
  path: Assets/Creator Kit - Puzzle/Prefabs/OnePerLevel/LevelLayout.prefab
  artifactKey: Guid(2d21f06d3b61c0e46acfd6ccfb025723) Importer(815301076,1909f56bfc062723c751e8b465ee728b)
Start importing Assets/Creator Kit - Puzzle/Prefabs/OnePerLevel/LevelLayout.prefab using Guid(2d21f06d3b61c0e46acfd6ccfb025723) Importer(815301076,1909f56bfc062723c751e8b465ee728b)  -> (artifact id: '5993f8a2764161f33daab4b8b62d08eb') in 0.009589 seconds
  Import took 0.012854 seconds .

========================================================================
Received Import Request.
  Time since last request: 0.000245 seconds.
  path: Assets/Creator Kit - Puzzle/Prefabs/OnePerLevel/Marble.prefab
  artifactKey: Guid(47a7dae5249c1da449a9c374793537ba) Importer(815301076,1909f56bfc062723c751e8b465ee728b)
Start importing Assets/Creator Kit - Puzzle/Prefabs/OnePerLevel/Marble.prefab using Guid(47a7dae5249c1da449a9c374793537ba) Importer(815301076,1909f56bfc062723c751e8b465ee728b)  -> (artifact id: 'e643e01bfdf0961ef99b58e39400214a') in 0.057398 seconds
  Import took 0.060593 seconds .

========================================================================
Received Import Request.
  Time since last request: 0.000232 seconds.
  path: Assets/Creator Kit - Puzzle/Prefabs/OnePerLevel/LevelMusic.prefab
  artifactKey: Guid(0478f95790edb8d49bdda38268c49b62) Importer(815301076,1909f56bfc062723c751e8b465ee728b)
Start importing Assets/Creator Kit - Puzzle/Prefabs/OnePerLevel/LevelMusic.prefab using Guid(0478f95790edb8d49bdda38268c49b62) Importer(815301076,1909f56bfc062723c751e8b465ee728b)  -> (artifact id: '6eb3e1c20e3d8a0835a8baef8724d533') in 0.009279 seconds
  Import took 0.013236 seconds .

========================================================================
Received Import Request.
  Time since last request: 0.000190 seconds.
  path: Assets/Creator Kit - Puzzle/Prefabs/OnePerLevel/Goal.prefab
  artifactKey: Guid(265978cc11efcb246b02b68be4f3e358) Importer(815301076,1909f56bfc062723c751e8b465ee728b)
Start importing Assets/Creator Kit - Puzzle/Prefabs/OnePerLevel/Goal.prefab using Guid(265978cc11efcb246b02b68be4f3e358) Importer(815301076,1909f56bfc062723c751e8b465ee728b)  -> (artifact id: '060c953b2b3f456d16b8a20c9ccc652f') in 0.107181 seconds
  Import took 0.110980 seconds .

========================================================================
Received Import Request.
  Time since last request: 0.000198 seconds.
  path: Assets/Creator Kit - Puzzle/Prefabs/OnePerLevel/VirtualCamera.prefab
  artifactKey: Guid(a6ce64d5a355af648bd71071fd0c170d) Importer(815301076,1909f56bfc062723c751e8b465ee728b)
Start importing Assets/Creator Kit - Puzzle/Prefabs/OnePerLevel/VirtualCamera.prefab using Guid(a6ce64d5a355af648bd71071fd0c170d) Importer(815301076,1909f56bfc062723c751e8b465ee728b)  -> (artifact id: 'a6d1fe67aa450463c7ae98a8eb30c70a') in 0.019749 seconds
  Import took 0.022808 seconds .

========================================================================
Received Import Request.
  Time since last request: 0.000205 seconds.
  path: Assets/Creator Kit - Puzzle/Prefabs/OnePerLevel/Main Camera.prefab
  artifactKey: Guid(db592cc10f8ca3346b67e251b3046d8c) Importer(815301076,1909f56bfc062723c751e8b465ee728b)
Start importing Assets/Creator Kit - Puzzle/Prefabs/OnePerLevel/Main Camera.prefab using Guid(db592cc10f8ca3346b67e251b3046d8c) Importer(815301076,1909f56bfc062723c751e8b465ee728b)  -> (artifact id: '5c3441174b1d696a9e62307a036e608a') in 0.053908 seconds
  Import took 0.059040 seconds .

========================================================================
Received Import Request.
  Time since last request: 0.000216 seconds.
  path: Assets/Creator Kit - Puzzle/Prefabs/OnePerLevel/Lighting.prefab
  artifactKey: Guid(2f2d3c1477137884d9a962dfe86f2a1d) Importer(815301076,1909f56bfc062723c751e8b465ee728b)
Start importing Assets/Creator Kit - Puzzle/Prefabs/OnePerLevel/Lighting.prefab using Guid(2f2d3c1477137884d9a962dfe86f2a1d) Importer(815301076,1909f56bfc062723c751e8b465ee728b)  -> (artifact id: '94f19777000f59b59720baf6ca706ba2') in 0.035305 seconds
  Import took 0.038580 seconds .

========================================================================
Received Import Request.
  Time since last request: 0.000199 seconds.
  path: Assets/Creator Kit - Puzzle/Prefabs/OnePerLevel/LevelBackground.prefab
  artifactKey: Guid(d3424646437583d43b2e7962f2e2ddb1) Importer(815301076,1909f56bfc062723c751e8b465ee728b)
Start importing Assets/Creator Kit - Puzzle/Prefabs/OnePerLevel/LevelBackground.prefab using Guid(d3424646437583d43b2e7962f2e2ddb1) Importer(815301076,1909f56bfc062723c751e8b465ee728b)  -> (artifact id: 'e574191c3c6b835f917c2f7c51924ec5') in 0.267387 seconds
  Import took 0.270875 seconds .

========================================================================
Received Import Request.
  Time since last request: 0.000256 seconds.
  path: Assets/Creator Kit - Puzzle/Prefabs/OnePerLevel/LevelUICanvas.prefab
  artifactKey: Guid(3aee8a1cad05205468b76c9feb6d5d54) Importer(815301076,1909f56bfc062723c751e8b465ee728b)
Start importing Assets/Creator Kit - Puzzle/Prefabs/OnePerLevel/LevelUICanvas.prefab using Guid(3aee8a1cad05205468b76c9feb6d5d54) Importer(815301076,1909f56bfc062723c751e8b465ee728b)  -> (artifact id: 'a4217b2eca01764971a682185dc112ae') in 0.104061 seconds
  Import took 0.107653 seconds .

========================================================================
Received Import Request.
  Time since last request: 0.000240 seconds.
  path: Assets/Creator Kit - Puzzle/Prefabs/OnePerLevel/TargetGroup.prefab
  artifactKey: Guid(8ae78060cdd51234abc802a3e735b140) Importer(815301076,1909f56bfc062723c751e8b465ee728b)
Start importing Assets/Creator Kit - Puzzle/Prefabs/OnePerLevel/TargetGroup.prefab using Guid(8ae78060cdd51234abc802a3e735b140) Importer(815301076,1909f56bfc062723c751e8b465ee728b)  -> (artifact id: '4ec5bfa8429e408587b3e3446d9c31ef') in 0.011210 seconds
  Import took 0.014725 seconds .

========================================================================
Received Prepare
Registering precompiled user dll's ...
Registered in 0.001997 seconds.
Begin MonoManager ReloadAssembly
Native extension for WindowsStandalone target not found
Refreshing native plugins compatible for Editor in 0.66 ms, found 0 plugins.
Preloading 0 native plugins for Editor in 0.00 ms.
Mono: successfully reloaded assembly
- Completed reload, in  1.106 seconds
Platform modules already initialized, skipping
Refreshing native plugins compatible for Editor in 0.59 ms, found 0 plugins.
Preloading 0 native plugins for Editor in 0.00 ms.
Unloading 1673 Unused Serialized files (Serialized files now loaded: 0)
System memory in use before: 82.5 MB.
System memory in use after: 82.6 MB.

Unloading 27 unused Assets to reduce memory usage. Loaded Objects now: 2212.
Total: 2.378200 ms (FindLiveObjects: 0.215200 ms CreateObjectMapping: 0.099200 ms MarkObjects: 2.014800 ms  DeleteObjects: 0.047600 ms)

========================================================================
Received Prepare
Registering precompiled user dll's ...
Registered in 0.002039 seconds.
Begin MonoManager ReloadAssembly
Native extension for WindowsStandalone target not found
Refreshing native plugins compatible for Editor in 0.60 ms, found 0 plugins.
Preloading 0 native plugins for Editor in 0.00 ms.
Mono: successfully reloaded assembly
- Completed reload, in  1.086 seconds
Platform modules already initialized, skipping
Refreshing native plugins compatible for Editor in 0.57 ms, found 0 plugins.
Preloading 0 native plugins for Editor in 0.00 ms.
Unloading 1673 Unused Serialized files (Serialized files now loaded: 0)
System memory in use before: 82.5 MB.
System memory in use after: 82.6 MB.

Unloading 25 unused Assets to reduce memory usage. Loaded Objects now: 2215.
Total: 2.023600 ms (FindLiveObjects: 0.182600 ms CreateObjectMapping: 0.069000 ms MarkObjects: 1.750000 ms  DeleteObjects: 0.020400 ms)

========================================================================
Received Prepare
Registering precompiled user dll's ...
Registered in 0.001873 seconds.
Begin MonoManager ReloadAssembly
Native extension for WindowsStandalone target not found
Refreshing native plugins compatible for Editor in 0.57 ms, found 0 plugins.
Preloading 0 native plugins for Editor in 0.00 ms.
Mono: successfully reloaded assembly
- Completed reload, in  1.121 seconds
Platform modules already initialized, skipping
Refreshing native plugins compatible for Editor in 0.58 ms, found 0 plugins.
Preloading 0 native plugins for Editor in 0.00 ms.
Unloading 1673 Unused Serialized files (Serialized files now loaded: 0)
System memory in use before: 82.5 MB.
System memory in use after: 82.6 MB.

Unloading 25 unused Assets to reduce memory usage. Loaded Objects now: 2218.
Total: 2.164500 ms (FindLiveObjects: 0.201500 ms CreateObjectMapping: 0.111800 ms MarkObjects: 1.828300 ms  DeleteObjects: 0.021600 ms)

========================================================================
Received Prepare
Registering precompiled user dll's ...
Registered in 0.003226 seconds.
Begin MonoManager ReloadAssembly
Native extension for WindowsStandalone target not found
Refreshing native plugins compatible for Editor in 0.61 ms, found 0 plugins.
Preloading 0 native plugins for Editor in 0.00 ms.
Mono: successfully reloaded assembly
- Completed reload, in  1.184 seconds
Platform modules already initialized, skipping
Refreshing native plugins compatible for Editor in 0.61 ms, found 0 plugins.
Preloading 0 native plugins for Editor in 0.00 ms.
Unloading 1673 Unused Serialized files (Serialized files now loaded: 0)
System memory in use before: 82.5 MB.
System memory in use after: 82.6 MB.

Unloading 25 unused Assets to reduce memory usage. Loaded Objects now: 2221.
Total: 2.581300 ms (FindLiveObjects: 0.230500 ms CreateObjectMapping: 0.070900 ms MarkObjects: 2.245300 ms  DeleteObjects: 0.028200 ms)

========================================================================
Received Prepare
Registering precompiled user dll's ...
Registered in 0.002012 seconds.
Begin MonoManager ReloadAssembly
Native extension for WindowsStandalone target not found
Refreshing native plugins compatible for Editor in 0.57 ms, found 0 plugins.
Preloading 0 native plugins for Editor in 0.00 ms.
Mono: successfully reloaded assembly
- Completed reload, in  1.053 seconds
Platform modules already initialized, skipping
Refreshing native plugins compatible for Editor in 0.57 ms, found 0 plugins.
Preloading 0 native plugins for Editor in 0.00 ms.
Unloading 1673 Unused Serialized files (Serialized files now loaded: 0)
System memory in use before: 82.5 MB.
System memory in use after: 82.6 MB.

Unloading 25 unused Assets to reduce memory usage. Loaded Objects now: 2224.
Total: 2.009000 ms (FindLiveObjects: 0.175400 ms CreateObjectMapping: 0.067300 ms MarkObjects: 1.724300 ms  DeleteObjects: 0.040600 ms)

========================================================================
Received Prepare
Registering precompiled user dll's ...
Registered in 0.001840 seconds.
Begin MonoManager ReloadAssembly
Native extension for WindowsStandalone target not found
Refreshing native plugins compatible for Editor in 0.73 ms, found 0 plugins.
Preloading 0 native plugins for Editor in 0.00 ms.
Mono: successfully reloaded assembly
- Completed reload, in  1.062 seconds
Platform modules already initialized, skipping
Refreshing native plugins compatible for Editor in 1.06 ms, found 0 plugins.
Preloading 0 native plugins for Editor in 0.00 ms.
Unloading 1673 Unused Serialized files (Serialized files now loaded: 0)
System memory in use before: 82.5 MB.
System memory in use after: 82.6 MB.

Unloading 25 unused Assets to reduce memory usage. Loaded Objects now: 2227.
Total: 2.145100 ms (FindLiveObjects: 0.180100 ms CreateObjectMapping: 0.066200 ms MarkObjects: 1.855200 ms  DeleteObjects: 0.042000 ms)

========================================================================
Received Prepare
Registering precompiled user dll's ...
Registered in 0.001881 seconds.
Begin MonoManager ReloadAssembly
Native extension for WindowsStandalone target not found
Refreshing native plugins compatible for Editor in 0.63 ms, found 0 plugins.
Preloading 0 native plugins for Editor in 0.00 ms.
Mono: successfully reloaded assembly
- Completed reload, in  1.144 seconds
Platform modules already initialized, skipping
Refreshing native plugins compatible for Editor in 0.60 ms, found 0 plugins.
Preloading 0 native plugins for Editor in 0.00 ms.
Unloading 1673 Unused Serialized files (Serialized files now loaded: 0)
System memory in use before: 82.5 MB.
System memory in use after: 82.6 MB.

Unloading 25 unused Assets to reduce memory usage. Loaded Objects now: 2230.
Total: 2.320500 ms (FindLiveObjects: 0.228700 ms CreateObjectMapping: 0.118800 ms MarkObjects: 1.943100 ms  DeleteObjects: 0.028500 ms)

========================================================================
Received Prepare
Registering precompiled user dll's ...
Registered in 0.002496 seconds.
Begin MonoManager ReloadAssembly
Native extension for WindowsStandalone target not found
Refreshing native plugins compatible for Editor in 0.56 ms, found 0 plugins.
Preloading 0 native plugins for Editor in 0.00 ms.
Mono: successfully reloaded assembly
- Completed reload, in  1.428 seconds
Platform modules already initialized, skipping
Refreshing native plugins compatible for Editor in 0.57 ms, found 0 plugins.
Preloading 0 native plugins for Editor in 0.00 ms.
Unloading 1673 Unused Serialized files (Serialized files now loaded: 0)
System memory in use before: 82.5 MB.
System memory in use after: 82.6 MB.

Unloading 25 unused Assets to reduce memory usage. Loaded Objects now: 2233.
Total: 2.353700 ms (FindLiveObjects: 0.219700 ms CreateObjectMapping: 0.164500 ms MarkObjects: 1.935700 ms  DeleteObjects: 0.032200 ms)

========================================================================
Received Prepare
Registering precompiled user dll's ...
Registered in 0.002596 seconds.
Begin MonoManager ReloadAssembly
Native extension for WindowsStandalone target not found
Refreshing native plugins compatible for Editor in 0.80 ms, found 0 plugins.
Preloading 0 native plugins for Editor in 0.00 ms.
Mono: successfully reloaded assembly
- Completed reload, in  1.327 seconds
Platform modules already initialized, skipping
Refreshing native plugins compatible for Editor in 0.69 ms, found 0 plugins.
Preloading 0 native plugins for Editor in 0.00 ms.
Unloading 1673 Unused Serialized files (Serialized files now loaded: 0)
System memory in use before: 82.5 MB.
System memory in use after: 82.6 MB.

Unloading 25 unused Assets to reduce memory usage. Loaded Objects now: 2236.
Total: 2.477500 ms (FindLiveObjects: 0.230600 ms CreateObjectMapping: 0.115500 ms MarkObjects: 2.083500 ms  DeleteObjects: 0.045800 ms)

========================================================================
Received Prepare
Registering precompiled user dll's ...
Registered in 0.002460 seconds.
Begin MonoManager ReloadAssembly
Native extension for WindowsStandalone target not found
Refreshing native plugins compatible for Editor in 0.56 ms, found 0 plugins.
Preloading 0 native plugins for Editor in 0.00 ms.
Mono: successfully reloaded assembly
- Completed reload, in  1.198 seconds
Platform modules already initialized, skipping
Refreshing native plugins compatible for Editor in 0.57 ms, found 0 plugins.
Preloading 0 native plugins for Editor in 0.00 ms.
Unloading 1673 Unused Serialized files (Serialized files now loaded: 0)
System memory in use before: 82.5 MB.
System memory in use after: 82.7 MB.

Unloading 25 unused Assets to reduce memory usage. Loaded Objects now: 2239.
Total: 2.229100 ms (FindLiveObjects: 0.203800 ms CreateObjectMapping: 0.065400 ms MarkObjects: 1.764700 ms  DeleteObjects: 0.193700 ms)

AssetImportWorkerClient::OnTransportError - code=2 error=End of file
